c:\users\健太\documents\visual studio 2017\projects\summon2d\summon2d\debug\vc141.pdb
c:\users\健太\documents\visual studio 2017\projects\summon2d\summon2d\debug\vc141.idb
c:\users\健太\documents\visual studio 2017\projects\summon2d\summon2d\debug\character.nativecodeanalysis.xml
c:\users\健太\documents\visual studio 2017\projects\summon2d\summon2d\debug\battle_scene.nativecodeanalysis.xml
c:\users\健太\documents\visual studio 2017\projects\summon2d\summon2d\debug\data_load.nativecodeanalysis.xml
c:\users\健太\documents\visual studio 2017\projects\summon2d\summon2d\debug\item.nativecodeanalysis.xml
c:\users\健太\documents\visual studio 2017\projects\summon2d\summon2d\debug\main.nativecodeanalysis.xml
c:\users\健太\documents\visual studio 2017\projects\summon2d\summon2d\debug\player.nativecodeanalysis.xml
c:\users\健太\documents\visual studio 2017\projects\summon2d\summon2d\debug\start_menu.nativecodeanalysis.xml
c:\users\健太\documents\visual studio 2017\projects\summon2d\summon2d\debug\start_menu.obj
c:\users\健太\documents\visual studio 2017\projects\summon2d\summon2d\debug\player.obj
c:\users\健太\documents\visual studio 2017\projects\summon2d\summon2d\debug\main.obj
c:\users\健太\documents\visual studio 2017\projects\summon2d\summon2d\debug\item.obj
c:\users\健太\documents\visual studio 2017\projects\summon2d\summon2d\debug\data_load.obj
c:\users\健太\documents\visual studio 2017\projects\summon2d\summon2d\debug\battle_scene.obj
c:\users\健太\documents\visual studio 2017\projects\summon2d\summon2d\debug\character.obj
c:\users\健太\documents\visual studio 2017\projects\summon2d\debug\summon2d.ilk
c:\users\健太\documents\visual studio 2017\projects\summon2d\debug\summon2d.exe
c:\users\健太\documents\visual studio 2017\projects\summon2d\debug\summon2d.pdb
c:\users\健太\documents\visual studio 2017\projects\summon2d\summon2d\debug\nativecodeanalysis.read.1.tlog
c:\users\健太\documents\visual studio 2017\projects\summon2d\summon2d\debug\vc.nativecodeanalysis.all.xml
c:\users\健太\documents\visual studio 2017\projects\summon2d\debug\summon2d.exe.lastcodeanalysissucceeded
c:\users\健太\documents\visual studio 2017\projects\summon2d\summon2d\debug\summon2d.tlog\cl.command.1.tlog
c:\users\健太\documents\visual studio 2017\projects\summon2d\summon2d\debug\summon2d.tlog\cl.read.1.tlog
c:\users\健太\documents\visual studio 2017\projects\summon2d\summon2d\debug\summon2d.tlog\cl.write.1.tlog
c:\users\健太\documents\visual studio 2017\projects\summon2d\summon2d\debug\summon2d.tlog\link.command.1.tlog
c:\users\健太\documents\visual studio 2017\projects\summon2d\summon2d\debug\summon2d.tlog\link.read.1.tlog
c:\users\健太\documents\visual studio 2017\projects\summon2d\summon2d\debug\summon2d.tlog\link.write.1.tlog
